2021-02-26 22:08:11 [scrapy.utils.log] INFO: Scrapy 2.4.1 started (bot: spider)
2021-02-26 22:08:11 [scrapy.utils.log] INFO: Versions: lxml 4.6.1.0, libxml2 2.9.5, cssselect 1.1.0, parsel 1.6.0, w3lib 1.22.0, Twisted 20.3.0, Python 3.8.1 (tags/v3.8.1:1b293b6, Dec 18 2019, 22:39:24) [MSC v.1916 32 bit (Intel)], pyOpenSSL 20.0.1 (OpenSSL 1.1.1h  22 Sep 2020), cryptography 3.2.1, Platform Windows-10-10.0.19041-SP0
2021-02-26 22:08:11 [scrapy.crawler] INFO: Overridden settings:
{'BOT_NAME': 'spider',
 'LOG_FILE': 'Tencent.log',
 'LOG_LEVEL': 'INFO',
 'NEWSPIDER_MODULE': 'spider.spiders',
 'SPIDER_MODULES': ['spider.spiders']}
2021-02-26 22:08:11 [scrapy.extensions.telnet] INFO: Telnet Password: b19a1a0552d282ec
2021-02-26 22:08:11 [scrapy.middleware] INFO: Enabled extensions:
['scrapy.extensions.corestats.CoreStats',
 'scrapy.extensions.telnet.TelnetConsole',
 'scrapy.extensions.logstats.LogStats']
2021-02-26 22:08:13 [scrapy.middleware] INFO: Enabled downloader middlewares:
['scrapy.downloadermiddlewares.httpauth.HttpAuthMiddleware',
 'spider.middlewares.RandomUserAgent',
 'scrapy.downloadermiddlewares.downloadtimeout.DownloadTimeoutMiddleware',
 'scrapy.downloadermiddlewares.defaultheaders.DefaultHeadersMiddleware',
 'scrapy.downloadermiddlewares.useragent.UserAgentMiddleware',
 'scrapy.downloadermiddlewares.retry.RetryMiddleware',
 'scrapy.downloadermiddlewares.redirect.MetaRefreshMiddleware',
 'scrapy.downloadermiddlewares.httpcompression.HttpCompressionMiddleware',
 'scrapy.downloadermiddlewares.redirect.RedirectMiddleware',
 'scrapy.downloadermiddlewares.cookies.CookiesMiddleware',
 'scrapy.downloadermiddlewares.httpproxy.HttpProxyMiddleware',
 'scrapy.downloadermiddlewares.stats.DownloaderStats']
2021-02-26 22:08:13 [scrapy.middleware] INFO: Enabled spider middlewares:
['scrapy.spidermiddlewares.httperror.HttpErrorMiddleware',
 'scrapy.spidermiddlewares.offsite.OffsiteMiddleware',
 'scrapy.spidermiddlewares.referer.RefererMiddleware',
 'scrapy.spidermiddlewares.urllength.UrlLengthMiddleware',
 'scrapy.spidermiddlewares.depth.DepthMiddleware']
2021-02-26 22:08:13 [scrapy.middleware] INFO: Enabled item pipelines:
['spider.pipelines.SpiderPipeline']
2021-02-26 22:08:13 [scrapy.core.engine] INFO: Spider opened
2021-02-26 22:08:13 [scrapy.extensions.logstats] INFO: Crawled 0 pages (at 0 pages/min), scraped 0 items (at 0 items/min)
2021-02-26 22:08:13 [scrapy.extensions.telnet] INFO: Telnet console listening on 127.0.0.1:6023
2021-02-26 22:08:14 [scrapy.core.engine] INFO: Closing spider (finished)
2021-02-26 22:08:14 [scrapy.statscollectors] INFO: Dumping Scrapy stats:
{'downloader/request_bytes': 474,
 'downloader/request_count': 1,
 'downloader/request_method_count/GET': 1,
 'downloader/response_bytes': 17895,
 'downloader/response_count': 1,
 'downloader/response_status_count/200': 1,
 'elapsed_time_seconds': 1.08816,
 'finish_reason': 'finished',
 'finish_time': datetime.datetime(2021, 2, 26, 14, 8, 14, 265870),
 'item_scraped_count': 99,
 'log_count/INFO': 10,
 'response_received_count': 1,
 'scheduler/dequeued': 1,
 'scheduler/dequeued/memory': 1,
 'scheduler/enqueued': 1,
 'scheduler/enqueued/memory': 1,
 'start_time': datetime.datetime(2021, 2, 26, 14, 8, 13, 177710)}
2021-02-26 22:08:14 [scrapy.core.engine] INFO: Spider closed (finished)
